<?xml version="1.0" encoding="UTF-8"?>
<!-- Generated by org.testng.reporters.JUnitReportReporter -->
<testsuite hostname="Swathi" failures="0" tests="4" name="Runners.TestRunner" time="791.492" errors="0" timestamp="2022-07-22T15:53:17 CEST" skipped="0">
  <testcase classname="Runners.TestRunner" name="runScenario" time="179.946"/>
  <system-out/>
  <testcase classname="Runners.TestRunner" name="runScenario" time="154.320"/>
  <system-out/>
  <testcase classname="Runners.TestRunner" name="runScenario" time="218.658"/>
  <system-out/>
  <testcase classname="Runners.TestRunner" name="runScenario" time="238.568"/>
  <system-out/>
</testsuite> <!-- Runners.TestRunner -->
