<?xml version="1.0" encoding="UTF-8"?>
<!-- Generated by org.testng.reporters.JUnitReportReporter -->
<testsuite hostname="Swathi" failures="0" tests="1" name="Runners.TestRunner" time="70.103" errors="0" timestamp="2022-07-22T22:46:24 CEST" skipped="0">
  <testcase classname="Runners.TestRunner" name="runScenario" time="70.103"/>
  <system-out/>
</testsuite> <!-- Runners.TestRunner -->
